2019-09-17 11:53:34,844 INFO [root] [test_login.py(test_login:49)] - username15094633670password123456verify_code8888expect我的账户
2019-09-17 11:56:24,266 INFO [root] [test_login.py(test_login:49)] - username:15094633670password:123456verify_code:8888expect:我的账户
2019-09-17 11:58:16,490 INFO [root] [test_login.py(login_data:20)] - test_data:[('15094633670', '123456', '8888', '我的账户')]
2019-09-17 11:58:27,039 INFO [root] [test_login.py(test_login:49)] - username:15094633670password:123456verify_code:8888expect:我的账户
2019-09-17 14:39:54,035 INFO [root] [test_cart.py(build_data:22)] - test_data:[('小米', '添加成功')]
2019-09-17 14:39:54,141 INFO [root] [test_login.py(login_data:20)] - test_data:[('15094633670', '123456', '8888', '我的账户')]
2019-09-17 14:40:08,669 INFO [root] [test_login.py(test_login:49)] - username:15094633670password:123456verify_code:8888expect:我的账户
2019-09-17 14:40:19,969 INFO [root] [test_cart.py(test_cart:50)] - goods_name:小米,expect:添加成功
2019-09-17 14:41:41,182 INFO [root] [test_cart.py(build_data:22)] - test_data:[('小米', '添加成功')]
2019-09-17 14:41:41,191 INFO [root] [test_login.py(login_data:20)] - test_data:[('15094633670', '123456', '8888', '我的账户')]
2019-09-17 14:41:50,219 INFO [root] [test_login.py(test_login:49)] - username:15094633670password:123456verify_code:8888expect:我的账户
2019-09-17 14:42:00,750 INFO [root] [test_cart.py(test_cart:50)] - goods_name:小米,expect:添加成功
2019-09-17 15:31:23,280 INFO [root] [test_cart.py(build_data:22)] - test_data:[('小米', '添加成功')]
2019-09-17 15:31:23,301 INFO [root] [test_login.py(login_data:21)] - test_data:[('15094633670', '123456', '8888', '我的账户')]
2019-09-17 15:31:34,398 INFO [root] [test_login.py(test_login:50)] - username:15094633670password:123456verify_code:8888expect:我的账户
2019-09-17 15:31:44,087 INFO [root] [test_cart.py(test_cart:50)] - goods_name:小米,expect:添加成功
2019-09-17 15:32:20,254 INFO [root] [test_order.py(test02_order_pay:60)] - 订单提交成功，我们将在第一时间给你发货！
2019-09-17 15:34:56,860 INFO [root] [test_cart.py(build_data:22)] - test_data:[('小米', '添加成功')]
2019-09-17 15:34:56,872 INFO [root] [test_login.py(login_data:21)] - test_data:[('15094633670', '123456', '8888', '我的账户')]
2019-09-17 15:37:49,207 INFO [root] [test_cart.py(build_data:22)] - test_data:[('小米', '添加成功')]
2019-09-17 15:37:49,221 INFO [root] [test_login.py(login_data:21)] - test_data:[('15094633670', '123456', '8888', '我的账户')]
2019-09-17 15:37:58,969 INFO [root] [test_login.py(test_login:50)] - username:15094633670password:123456verify_code:8888expect:我的账户
2019-09-17 15:38:09,484 INFO [root] [test_cart.py(test_cart:50)] - goods_name:小米,expect:添加成功
2019-09-17 15:44:41,309 INFO [root] [test_cart.py(build_data:22)] - test_data:[('小米', '添加成功')]
2019-09-17 15:44:41,326 INFO [root] [test_login.py(login_data:21)] - test_data:[('15094633670', '123456', '8888', '我的账户')]
2019-09-17 15:44:52,290 INFO [root] [test_login.py(test_login:50)] - username:15094633670password:123456verify_code:8888expect:我的账户
2019-09-17 15:45:01,919 INFO [root] [test_cart.py(test_cart:50)] - goods_name:小米,expect:添加成功
2019-09-17 15:46:11,608 INFO [root] [test_cart.py(build_data:22)] - test_data:[('小米', '添加成功')]
2019-09-17 15:46:11,629 INFO [root] [test_login.py(login_data:21)] - test_data:[('15094633670', '123456', '8888', '我的账户')]
2019-09-17 15:46:21,849 INFO [root] [test_login.py(test_login:50)] - username:15094633670password:123456verify_code:8888expect:我的账户
2019-09-17 15:46:32,858 INFO [root] [test_cart.py(test_cart:50)] - goods_name:小米,expect:添加成功
2019-09-17 15:47:03,261 INFO [root] [test_cart.py(build_data:22)] - test_data:[('小米', '添加成功')]
2019-09-17 15:47:03,285 INFO [root] [test_login.py(login_data:21)] - test_data:[('15094633670', '123456', '8888', '我的账户')]
2019-09-17 15:47:13,052 INFO [root] [test_login.py(test_login:50)] - username:15094633670password:123456verify_code:8888expect:我的账户
2019-09-17 15:47:23,563 INFO [root] [test_cart.py(test_cart:50)] - goods_name:小米,expect:添加成功
2019-09-17 16:08:55,061 INFO [root] [test_cart.py(build_data:22)] - test_data:[('小米', '添加成功')]
2019-09-17 16:08:55,074 INFO [root] [test_login.py(login_data:21)] - test_data:[('15094633670', '123456', '8888', '我的账户')]
2019-09-17 16:09:04,900 INFO [root] [test_login.py(test_login:50)] - username:15094633670password:123456verify_code:8888expect:我的账户
2019-09-17 16:09:14,390 INFO [root] [test_cart.py(test_cart:50)] - goods_name:小米,expect:添加成功
2019-09-17 16:09:52,034 INFO [root] [test_order.py(test02_order_pay:60)] - False
2019-09-17 16:12:50,449 INFO [root] [test_cart.py(build_data:22)] - test_data:[('小米', '添加成功')]
2019-09-17 16:12:50,463 INFO [root] [test_login.py(login_data:21)] - test_data:[('15094633670', '123456', '8888', '我的账户')]
2019-09-17 16:12:59,867 INFO [root] [test_login.py(test_login:50)] - username:15094633670password:123456verify_code:8888expect:我的账户
2019-09-17 16:13:09,515 INFO [root] [test_cart.py(test_cart:50)] - goods_name:小米,expect:添加成功
2019-09-17 16:15:14,478 INFO [root] [test_cart.py(build_data:22)] - test_data:[('小米', '添加成功')]
2019-09-17 16:15:14,500 INFO [root] [test_login.py(login_data:21)] - test_data:[('15094633670', '123456', '8888', '我的账户')]
2019-09-17 16:15:25,307 INFO [root] [test_login.py(test_login:50)] - username:15094633670password:123456verify_code:8888expect:我的账户
2019-09-17 16:15:35,290 INFO [root] [test_cart.py(test_cart:50)] - goods_name:小米,expect:添加成功
2019-09-17 16:19:22,770 INFO [root] [test_cart.py(build_data:23)] - test_data:[('小米', '添加成功')]
2019-09-17 16:19:22,805 INFO [root] [test_login.py(login_data:21)] - test_data:[('15094633670', '123456', '8888', '我的账户')]
2019-09-17 16:19:32,487 INFO [root] [test_login.py(test_login:50)] - username:15094633670password:123456verify_code:8888expect:我的账户
2019-09-17 16:19:55,350 INFO [root] [test_cart.py(build_data:23)] - test_data:[('小米', '添加成功')]
2019-09-17 16:19:55,363 INFO [root] [test_login.py(login_data:21)] - test_data:[('15094633670', '123456', '8888', '我的账户')]
2019-09-17 16:20:31,798 INFO [root] [test_cart.py(build_data:23)] - test_data:[('小米', '添加成功')]
2019-09-17 16:20:31,812 INFO [root] [test_login.py(login_data:21)] - test_data:[('15094633670', '123456', '8888', '我的账户')]
2019-09-17 16:23:09,671 INFO [root] [test_cart.py(build_data:23)] - test_data:[('小米', '添加成功')]
2019-09-17 16:23:09,680 INFO [root] [test_login.py(login_data:21)] - test_data:[('15094633670', '123456', '8888', '我的账户')]
2019-09-17 16:23:37,174 INFO [root] [test_cart.py(build_data:23)] - test_data:[('小米', '添加成功')]
2019-09-17 16:23:37,189 INFO [root] [test_login.py(login_data:21)] - test_data:[('15094633670', '123456', '8888', '我的账户')]
2019-09-17 16:23:54,418 INFO [root] [test_login.py(test_login:50)] - username:15094633670password:123456verify_code:8888expect:我的账户
2019-09-17 16:30:49,708 INFO [root] [test_cart.py(build_data:23)] - test_data:[('小米', '添加成功')]
2019-09-17 16:30:49,717 INFO [root] [test_login.py(login_data:21)] - test_data:[('15094633670', '123456', '8888', '我的账户')]
2019-09-17 16:31:03,422 INFO [root] [test_login.py(test_login:50)] - username:15094633670password:123456verify_code:8888expect:我的账户
2019-09-17 16:33:45,263 INFO [root] [test_cart.py(build_data:23)] - test_data:[('小米', '添加成功')]
2019-09-17 16:33:45,308 INFO [root] [test_login.py(login_data:21)] - test_data:[('15094633670', '123456', '8888', '我的账户')]
2019-09-17 16:33:54,786 INFO [root] [test_login.py(test_login:50)] - username:15094633670password:123456verify_code:8888expect:我的账户
2019-09-17 16:35:48,693 INFO [root] [test_cart.py(build_data:23)] - test_data:[('小米', '添加成功')]
2019-09-17 16:35:48,708 INFO [root] [test_login.py(login_data:21)] - test_data:[('15094633670', '123456', '8888', '我的账户')]
2019-09-17 16:35:56,868 INFO [root] [test_login.py(test_login:50)] - username:15094633670password:123456verify_code:8888expect:我的账户
2019-09-17 16:36:36,161 INFO [root] [test_cart.py(build_data:23)] - test_data:[('小米', '添加成功')]
2019-09-17 16:36:36,202 INFO [root] [test_login.py(login_data:21)] - test_data:[('15094633670', '123456', '8888', '我的账户')]
2019-09-17 16:36:45,604 INFO [root] [test_login.py(test_login:50)] - username:15094633670password:123456verify_code:8888expect:我的账户
2019-09-17 16:37:12,897 INFO [root] [test_order.py(test01_order:48)] - False
2019-09-17 16:38:59,071 INFO [root] [test_cart.py(build_data:23)] - test_data:[('小米', '添加成功')]
2019-09-17 16:38:59,085 INFO [root] [test_login.py(login_data:21)] - test_data:[('15094633670', '123456', '8888', '我的账户')]
2019-09-17 16:39:10,500 INFO [root] [test_login.py(test_login:50)] - username:15094633670password:123456verify_code:8888expect:我的账户
2019-09-17 16:39:37,257 INFO [root] [test_order.py(test01_order:49)] - False
2019-09-17 16:40:24,778 INFO [root] [test_cart.py(build_data:23)] - test_data:[('小米', '添加成功')]
2019-09-17 16:40:24,793 INFO [root] [test_login.py(login_data:21)] - test_data:[('15094633670', '123456', '8888', '我的账户')]
2019-09-17 16:40:33,240 INFO [root] [test_login.py(test_login:50)] - username:15094633670password:123456verify_code:8888expect:我的账户
2019-09-17 16:40:59,185 INFO [root] [test_order.py(test01_order:49)] - False
2019-09-17 16:42:16,833 INFO [root] [test_cart.py(build_data:23)] - test_data:[('小米', '添加成功')]
2019-09-17 16:42:16,846 INFO [root] [test_login.py(login_data:21)] - test_data:[('15094633670', '123456', '8888', '我的账户')]
2019-09-17 16:42:26,697 INFO [root] [test_login.py(test_login:50)] - username:15094633670password:123456verify_code:8888expect:我的账户
2019-09-17 16:43:25,925 INFO [root] [test_cart.py(build_data:23)] - test_data:[('小米', '添加成功')]
2019-09-17 16:43:25,937 INFO [root] [test_login.py(login_data:21)] - test_data:[('15094633670', '123456', '8888', '我的账户')]
2019-09-17 16:43:35,202 INFO [root] [test_login.py(test_login:50)] - username:15094633670password:123456verify_code:8888expect:我的账户
2019-09-17 16:43:59,381 INFO [root] [test_order.py(test01_order:49)] - False
2019-09-17 16:45:28,504 INFO [root] [test_cart.py(build_data:23)] - test_data:[('小米', '添加成功')]
2019-09-17 16:45:28,525 INFO [root] [test_login.py(login_data:21)] - test_data:[('15094633670', '123456', '8888', '我的账户')]
2019-09-17 16:45:37,205 INFO [root] [test_login.py(test_login:50)] - username:15094633670password:123456verify_code:8888expect:我的账户
2019-09-17 16:45:47,040 INFO [root] [test_cart.py(test_cart:51)] - goods_name:小米,expect:添加成功
2019-09-17 16:46:31,495 INFO [root] [test_order.py(test01_order:49)] - False
2019-09-17 16:46:50,065 INFO [root] [test_order.py(test02_order_pay:60)] - False
2019-09-17 16:49:25,133 INFO [root] [test_cart.py(build_data:23)] - test_data:[('小米', '添加成功')]
2019-09-17 16:49:25,215 INFO [root] [test_login.py(login_data:21)] - test_data:[('15094633670', '123456', '8888', '我的账户')]
2019-09-17 16:49:36,233 INFO [root] [test_login.py(test_login:50)] - username:15094633670password:123456verify_code:8888expect:我的账户
2019-09-17 16:49:46,446 INFO [root] [test_cart.py(test_cart:51)] - goods_name:小米,expect:添加成功
2019-09-17 16:50:31,146 INFO [root] [test_order.py(test01_order:49)] - False
2019-09-17 16:50:49,655 INFO [root] [test_order.py(test02_order_pay:60)] - False
2019-09-17 16:53:34,468 INFO [root] [test_cart.py(build_data:23)] - test_data:[('小米', '添加成功')]
2019-09-17 16:53:34,517 INFO [root] [test_login.py(login_data:21)] - test_data:[('15094633670', '123456', '8888', '我的账户')]
2019-09-17 16:53:44,899 INFO [root] [test_login.py(test_login:50)] - username:15094633670password:123456verify_code:8888expect:我的账户
2019-09-17 16:53:55,284 INFO [root] [test_cart.py(test_cart:51)] - goods_name:小米,expect:添加成功
2019-09-17 16:54:32,743 INFO [root] [test_order.py(test01_order:49)] - False
2019-09-17 16:54:57,320 INFO [root] [test_order.py(test02_order_pay:61)] - False
2019-09-17 17:02:09,405 INFO [root] [test_cart.py(build_data:23)] - test_data:[('小米', '添加成功')]
2019-09-17 17:02:09,426 INFO [root] [test_login.py(login_data:21)] - test_data:[('15094633670', '123456', '8888', '我的账户')]
2019-09-17 17:02:19,062 INFO [root] [test_login.py(test_login:50)] - username:15094633670password:123456verify_code:8888expect:我的账户
2019-09-17 17:02:29,024 INFO [root] [test_cart.py(test_cart:51)] - goods_name:小米,expect:添加成功
2019-09-17 17:07:50,804 INFO [root] [test_cart.py(build_data:23)] - test_data:[('小米', '添加成功')]
2019-09-17 17:07:50,818 INFO [root] [test_login.py(login_data:21)] - test_data:[('15094633670', '123456', '8888', '我的账户')]
2019-09-17 17:08:02,633 INFO [root] [test_login.py(test_login:50)] - username:15094633670password:123456verify_code:8888expect:我的账户
2019-09-17 17:08:12,506 INFO [root] [test_cart.py(test_cart:51)] - goods_name:小米,expect:添加成功
2019-09-17 17:08:50,408 INFO [root] [test_order.py(test01_order:49)] - True
2019-09-17 17:09:14,937 INFO [root] [test_order.py(test02_order_pay:61)] - True
2019-09-17 17:11:13,567 INFO [root] [test_cart.py(build_data:23)] - test_data:[('小米', '添加成功')]
2019-09-17 17:11:13,585 INFO [root] [test_login.py(login_data:21)] - test_data:[('15094633670', '123456', '8888', '我的账户')]
2019-09-17 17:11:24,066 INFO [root] [test_login.py(test_login:50)] - username:15094633670password:123456verify_code:8888expect:我的账户
2019-09-17 17:11:34,414 INFO [root] [test_cart.py(test_cart:51)] - goods_name:小米,expect:添加成功
2019-09-17 17:12:13,192 INFO [root] [test_order.py(test01_order:49)] - True
2019-09-17 17:12:37,356 INFO [root] [test_order.py(test02_order_pay:61)] - True
2019-09-17 17:25:40,818 INFO [root] [test_cart.py(build_data:22)] - test_data:[('小米', '添加成功')]
2019-09-17 17:25:40,836 INFO [root] [test_login.py(login_data:20)] - test_data:[('15094633670', '123456', '8888', '我的账户')]
2019-09-17 17:25:51,111 INFO [root] [test_login.py(test_login:49)] - username:15094633670password:123456verify_code:8888expect:我的账户
2019-09-17 17:26:00,659 INFO [root] [test_cart.py(test_cart:50)] - goods_name:小米,expect:添加成功
2019-09-17 17:26:36,738 INFO [root] [test_order.py(test01_order:49)] - True
2019-09-17 17:27:02,825 INFO [root] [test_order.py(test02_order_pay:61)] - True
2019-09-17 18:57:48,524 INFO [root] [test_cart.py(build_data:23)] - test_data:[('小米', '添加成功')]
2019-09-17 18:57:48,558 INFO [root] [test_login.py(login_data:22)] - test_data:[('15094633670', '123456', '8888', '我的账户')]
2019-09-17 18:59:06,896 INFO [root] [test_cart.py(build_data:23)] - test_data:[('小米', '添加成功')]
2019-09-17 18:59:06,910 INFO [root] [test_login.py(login_data:22)] - test_data:[('15094633670', '123456', '8888', '我的账户')]
2019-09-17 18:59:50,308 INFO [root] [test_cart.py(build_data:23)] - test_data:[('小米', '添加成功')]
2019-09-17 18:59:50,320 INFO [root] [test_login.py(login_data:22)] - test_data:[('15094633670', '123456', '8888', '我的账户')]
2019-09-17 19:00:44,091 INFO [root] [test_cart.py(build_data:23)] - test_data:[('小米', '添加成功')]
2019-09-17 19:00:44,115 INFO [root] [test_login.py(login_data:22)] - test_data:[('15094633670', '123456', '8888', '我的账户')]
2019-09-17 19:03:21,837 INFO [root] [test_order.py(build_order:22)] - test_data:['订单提交成功，请您尽快付款！']
2019-09-17 19:04:23,462 INFO [root] [test_cart.py(build_data:23)] - test_data:[('小米', '添加成功')]
2019-09-17 19:04:23,474 INFO [root] [test_login.py(login_data:22)] - test_data:[('15094633670', '123456', '8888', '我的账户')]
2019-09-17 19:04:23,494 INFO [root] [test_order.py(build_order:20)] - test_data:['订单提交成功，请您尽快付款！']
2019-09-17 19:04:23,511 INFO [root] [test_order.py(build_pay_order:29)] - test_data:['订单提交成功，我们将在第一时间给你发货！']
2019-09-17 19:04:32,495 INFO [root] [test_login.py(test_login:53)] - username:15094633670password:123456verify_code:8888expect:我的账户
2019-09-17 19:04:42,477 INFO [root] [test_cart.py(test_cart:53)] - goods_name:小米,expect:添加成功
2019-09-17 19:05:20,703 INFO [root] [test_order.py(test01_order:67)] - True
2019-09-17 19:05:46,790 INFO [root] [test_order.py(test02_order_pay:81)] - True
2019-09-17 20:00:44,276 INFO [root] [test_cart.py(build_data:23)] - test_data:[('小米', '添加成功')]
2019-09-17 20:00:44,293 INFO [root] [test_login.py(login_data:22)] - test_data:[('15094633670', '123456', '8888', '我的账户')]
2019-09-17 20:00:44,311 INFO [root] [test_order.py(build_order:20)] - test_data:['订单提交成功，请您尽快付款！']
2019-09-17 20:00:44,324 INFO [root] [test_order.py(build_pay_order:29)] - test_data:['订单提交成功，我们将在第一时间给你发货！']
2019-09-17 20:00:52,306 INFO [root] [test_login.py(test_login:53)] - username:15094633670password:123456verify_code:8888expect:我的账户
2019-09-17 20:01:01,957 INFO [root] [test_cart.py(test_cart:53)] - goods_name:小米,expect:添加成功
2019-09-17 20:04:18,469 INFO [root] [test_cart.py(build_data:23)] - test_data:[('小米', '添加成功')]
2019-09-17 20:04:18,481 INFO [root] [test_login.py(login_data:22)] - test_data:[('15094633670', '123456', '8888', '我的账户')]
2019-09-17 20:04:18,491 INFO [root] [test_order.py(build_order:20)] - test_data:['订单提交成功，请您尽快付款！']
2019-09-17 20:04:18,500 INFO [root] [test_order.py(build_pay_order:29)] - test_data:['订单提交成功，我们将在第一时间给你发货！']
2019-09-17 20:04:25,688 INFO [root] [test_login.py(test_login:53)] - username:15094633670password:123456verify_code:8888expect:我的账户
2019-09-17 20:04:35,199 INFO [root] [test_cart.py(test_cart:53)] - goods_name:小米,expect:添加成功
2019-09-17 20:06:09,415 INFO [root] [test_cart.py(build_data:23)] - test_data:[('小米', '添加成功')]
2019-09-17 20:06:09,428 INFO [root] [test_login.py(login_data:22)] - test_data:[('15094633670', '123456', '8888', '我的账户')]
2019-09-17 20:06:09,441 INFO [root] [test_order.py(build_order:20)] - test_data:['订单提交成功，请您尽快付款！']
2019-09-17 20:06:09,450 INFO [root] [test_order.py(build_pay_order:29)] - test_data:['订单提交成功，我们将在第一时间给你发货！']
2019-09-17 20:06:18,136 INFO [root] [test_login.py(test_login:53)] - username:15094633670password:123456verify_code:8888expect:我的账户
2019-09-17 20:06:27,540 INFO [root] [test_cart.py(test_cart:53)] - goods_name:小米,expect:添加成功
2019-09-17 20:10:12,525 INFO [root] [test_cart.py(build_data:23)] - test_data:[('小米', '添加成功')]
2019-09-17 20:10:12,534 INFO [root] [test_login.py(login_data:22)] - test_data:[('15094633670', '123456', '8888', '我的账户')]
2019-09-17 20:10:12,553 INFO [root] [test_order.py(build_order:20)] - test_data:['订单提交成功，请您尽快付款！']
2019-09-17 20:10:12,558 INFO [root] [test_order.py(build_pay_order:29)] - test_data:['订单提交成功，我们将在第一时间给你发货！']
2019-09-17 20:10:20,131 INFO [root] [test_login.py(test_login:53)] - username:15094633670password:123456verify_code:8888expect:我的账户
2019-09-17 20:10:29,611 INFO [root] [test_cart.py(test_cart:53)] - goods_name:小米,expect:添加成功
2019-09-17 20:13:13,262 INFO [root] [test_cart.py(build_data:23)] - test_data:[('小米', '添加成功')]
2019-09-17 20:13:13,290 INFO [root] [test_login.py(login_data:22)] - test_data:[('15094633670', '123456', '8888', '我的账户')]
2019-09-17 20:13:13,338 INFO [root] [test_order.py(build_order:20)] - test_data:['订单提交成功，请您尽快付款！']
2019-09-17 20:13:13,351 INFO [root] [test_order.py(build_pay_order:29)] - test_data:['订单提交成功，我们将在第一时间给你发货！']
2019-09-17 20:13:24,601 INFO [root] [test_cart.py(build_data:23)] - test_data:[('小米', '添加成功')]
2019-09-17 20:13:24,609 INFO [root] [test_login.py(login_data:22)] - test_data:[('15094633670', '123456', '8888', '我的账户')]
2019-09-17 20:13:24,623 INFO [root] [test_order.py(build_order:20)] - test_data:['订单提交成功，请您尽快付款！']
2019-09-17 20:13:24,633 INFO [root] [test_order.py(build_pay_order:29)] - test_data:['订单提交成功，我们将在第一时间给你发货！']
2019-09-17 20:13:33,974 INFO [root] [test_login.py(test_login:53)] - username:15094633670password:123456verify_code:8888expect:我的账户
2019-09-17 20:13:52,165 INFO [root] [test_cart.py(test_cart:53)] - goods_name:小米,expect:添加成功
2019-09-17 20:14:57,283 INFO [root] [test_order.py(test01_order:67)] - True
2019-09-17 20:24:13,747 INFO [root] [test_cart.py(build_data:23)] - test_data:[('小米', '添加成功')]
2019-09-17 20:24:13,797 INFO [root] [test_login.py(login_data:22)] - test_data:[('15094633670', '123456', '8888', '我的账户')]
2019-09-17 20:24:13,836 INFO [root] [test_order.py(build_order:20)] - test_data:['订单提交成功，请您尽快付款！']
2019-09-17 20:24:13,858 INFO [root] [test_order.py(build_pay_order:29)] - test_data:['订单提交成功，我们将在第一时间给你发货！']
2019-09-17 20:24:23,998 INFO [root] [test_login.py(test_login:53)] - username:15094633670password:123456verify_code:8888expect:我的账户
2019-09-17 20:24:27,876 INFO [root] [test_cart.py(test_cart:53)] - goods_name:小米,expect:添加成功
